<?xml version="1.0" encoding="UTF-8"?>
<testsuite xmlns:xsi="http://www.w3.org/2001/XMLSchema-instance" xsi:noNamespaceSchemaLocation="https://maven.apache.org/surefire/maven-surefire-plugin/xsd/surefire-test-report.xsd" version="3.0.2" name="com.mk.service.PersonajeServiceTest" time="0.088" tests="6" errors="0" skipped="0" failures="0">
  <properties>
[...]
</properties>
  <testcase name="filtrarPorNivel" classname="com.mk.service.PersonajeServiceTest" time="0.03"/>
  <testcase name="editarPersonaje" classname="com.mk.service.PersonajeServiceTest" time="0.004"/>
  <testcase name="agregarYObtenerPersonaje" classname="com.mk.service.PersonajeServiceTest" time="0.002"/>
  <testcase name="eliminarPersonaje" classname="com.mk.service.PersonajeServiceTest" time="0.002"/>
  <testcase name="buscarPorNombre" classname="com.mk.service.PersonajeServiceTest" time="0.002"/>
  <testcase name="ordenarPorSalud" classname="com.mk.service.PersonajeServiceTest" time="0.003"/>
</testsuite>